Symlinking /home/blank/european_rover_challenge/maintenence/devel/lib/python3/dist-packages/fiducial_msgs/__init__.py
Symlinking /home/blank/european_rover_challenge/maintenence/devel/lib/python3/dist-packages/fiducial_msgs/srv/_InitializeMap.py
Symlinking /home/blank/european_rover_challenge/maintenence/devel/lib/python3/dist-packages/fiducial_msgs/srv/__init__.py
Symlinking /home/blank/european_rover_challenge/maintenence/devel/lib/python3/dist-packages/fiducial_msgs/msg/_FiducialMapEntry.py
Symlinking /home/blank/european_rover_challenge/maintenence/devel/lib/python3/dist-packages/fiducial_msgs/msg/_FiducialTransform.py
Symlinking /home/blank/european_rover_challenge/maintenence/devel/lib/python3/dist-packages/fiducial_msgs/msg/_FiducialArray.py
Symlinking /home/blank/european_rover_challenge/maintenence/devel/lib/python3/dist-packages/fiducial_msgs/msg/_FiducialTransformArray.py
Symlinking /home/blank/european_rover_challenge/maintenence/devel/lib/python3/dist-packages/fiducial_msgs/msg/_FiducialMapEntryArray.py
Symlinking /home/blank/european_rover_challenge/maintenence/devel/lib/python3/dist-packages/fiducial_msgs/msg/_Fiducial.py
Symlinking /home/blank/european_rover_challenge/maintenence/devel/lib/python3/dist-packages/fiducial_msgs/msg/__init__.py
Symlinking /home/blank/european_rover_challenge/maintenence/devel/lib/pkgconfig/fiducial_msgs.pc
Symlinking /home/blank/european_rover_challenge/maintenence/devel/include/fiducial_msgs/FiducialTransform.h
Symlinking /home/blank/european_rover_challenge/maintenence/devel/include/fiducial_msgs/FiducialMapEntry.h
Symlinking /home/blank/european_rover_challenge/maintenence/devel/include/fiducial_msgs/InitializeMapResponse.h
Symlinking /home/blank/european_rover_challenge/maintenence/devel/include/fiducial_msgs/Fiducial.h
Symlinking /home/blank/european_rover_challenge/maintenence/devel/include/fiducial_msgs/FiducialArray.h
Symlinking /home/blank/european_rover_challenge/maintenence/devel/include/fiducial_msgs/FiducialTransformArray.h
Symlinking /home/blank/european_rover_challenge/maintenence/devel/include/fiducial_msgs/FiducialMapEntryArray.h
Symlinking /home/blank/european_rover_challenge/maintenence/devel/include/fiducial_msgs/InitializeMapRequest.h
Symlinking /home/blank/european_rover_challenge/maintenence/devel/include/fiducial_msgs/InitializeMap.h
Symlinking /home/blank/european_rover_challenge/maintenence/devel/share/common-lisp/ros/fiducial_msgs/srv/_package_InitializeMap.lisp
Symlinking /home/blank/european_rover_challenge/maintenence/devel/share/common-lisp/ros/fiducial_msgs/srv/fiducial_msgs-srv.asd
Symlinking /home/blank/european_rover_challenge/maintenence/devel/share/common-lisp/ros/fiducial_msgs/srv/InitializeMap.lisp
Symlinking /home/blank/european_rover_challenge/maintenence/devel/share/common-lisp/ros/fiducial_msgs/srv/_package.lisp
Symlinking /home/blank/european_rover_challenge/maintenence/devel/share/common-lisp/ros/fiducial_msgs/msg/_package_FiducialArray.lisp
Symlinking /home/blank/european_rover_challenge/maintenence/devel/share/common-lisp/ros/fiducial_msgs/msg/_package_FiducialMapEntry.lisp
Symlinking /home/blank/european_rover_challenge/maintenence/devel/share/common-lisp/ros/fiducial_msgs/msg/_package_FiducialTransform.lisp
Symlinking /home/blank/european_rover_challenge/maintenence/devel/share/common-lisp/ros/fiducial_msgs/msg/FiducialTransform.lisp
Symlinking /home/blank/european_rover_challenge/maintenence/devel/share/common-lisp/ros/fiducial_msgs/msg/FiducialTransformArray.lisp
Symlinking /home/blank/european_rover_challenge/maintenence/devel/share/common-lisp/ros/fiducial_msgs/msg/FiducialMapEntry.lisp
Symlinking /home/blank/european_rover_challenge/maintenence/devel/share/common-lisp/ros/fiducial_msgs/msg/_package.lisp
Symlinking /home/blank/european_rover_challenge/maintenence/devel/share/common-lisp/ros/fiducial_msgs/msg/FiducialMapEntryArray.lisp
Symlinking /home/blank/european_rover_challenge/maintenence/devel/share/common-lisp/ros/fiducial_msgs/msg/_package_Fiducial.lisp
Symlinking /home/blank/european_rover_challenge/maintenence/devel/share/common-lisp/ros/fiducial_msgs/msg/_package_FiducialTransformArray.lisp
Symlinking /home/blank/european_rover_challenge/maintenence/devel/share/common-lisp/ros/fiducial_msgs/msg/_package_FiducialMapEntryArray.lisp
Symlinking /home/blank/european_rover_challenge/maintenence/devel/share/common-lisp/ros/fiducial_msgs/msg/FiducialArray.lisp
Symlinking /home/blank/european_rover_challenge/maintenence/devel/share/common-lisp/ros/fiducial_msgs/msg/fiducial_msgs-msg.asd
Symlinking /home/blank/european_rover_challenge/maintenence/devel/share/common-lisp/ros/fiducial_msgs/msg/Fiducial.lisp
Symlinking /home/blank/european_rover_challenge/maintenence/devel/share/roseus/ros/fiducial_msgs/manifest.l
Symlinking /home/blank/european_rover_challenge/maintenence/devel/share/roseus/ros/fiducial_msgs/srv/InitializeMap.l
Symlinking /home/blank/european_rover_challenge/maintenence/devel/share/roseus/ros/fiducial_msgs/msg/FiducialMapEntry.l
Symlinking /home/blank/european_rover_challenge/maintenence/devel/share/roseus/ros/fiducial_msgs/msg/Fiducial.l
Symlinking /home/blank/european_rover_challenge/maintenence/devel/share/roseus/ros/fiducial_msgs/msg/FiducialArray.l
Symlinking /home/blank/european_rover_challenge/maintenence/devel/share/roseus/ros/fiducial_msgs/msg/FiducialTransform.l
Symlinking /home/blank/european_rover_challenge/maintenence/devel/share/roseus/ros/fiducial_msgs/msg/FiducialMapEntryArray.l
Symlinking /home/blank/european_rover_challenge/maintenence/devel/share/roseus/ros/fiducial_msgs/msg/FiducialTransformArray.l
Symlinking /home/blank/european_rover_challenge/maintenence/devel/share/fiducial_msgs/cmake/fiducial_msgs-msg-paths.cmake
Symlinking /home/blank/european_rover_challenge/maintenence/devel/share/fiducial_msgs/cmake/fiducial_msgs-msg-extras.cmake
Symlinking /home/blank/european_rover_challenge/maintenence/devel/share/fiducial_msgs/cmake/fiducial_msgsConfig-version.cmake
Symlinking /home/blank/european_rover_challenge/maintenence/devel/share/fiducial_msgs/cmake/fiducial_msgsConfig.cmake
Symlinking /home/blank/european_rover_challenge/maintenence/devel/share/gennodejs/ros/fiducial_msgs/_index.js
Symlinking /home/blank/european_rover_challenge/maintenence/devel/share/gennodejs/ros/fiducial_msgs/srv/InitializeMap.js
Symlinking /home/blank/european_rover_challenge/maintenence/devel/share/gennodejs/ros/fiducial_msgs/srv/_index.js
Symlinking /home/blank/european_rover_challenge/maintenence/devel/share/gennodejs/ros/fiducial_msgs/msg/FiducialTransform.js
Symlinking /home/blank/european_rover_challenge/maintenence/devel/share/gennodejs/ros/fiducial_msgs/msg/FiducialArray.js
Symlinking /home/blank/european_rover_challenge/maintenence/devel/share/gennodejs/ros/fiducial_msgs/msg/Fiducial.js
Symlinking /home/blank/european_rover_challenge/maintenence/devel/share/gennodejs/ros/fiducial_msgs/msg/FiducialMapEntry.js
Symlinking /home/blank/european_rover_challenge/maintenence/devel/share/gennodejs/ros/fiducial_msgs/msg/FiducialTransformArray.js
Symlinking /home/blank/european_rover_challenge/maintenence/devel/share/gennodejs/ros/fiducial_msgs/msg/_index.js
Symlinking /home/blank/european_rover_challenge/maintenence/devel/share/gennodejs/ros/fiducial_msgs/msg/FiducialMapEntryArray.js
