Linked: (/home/blank/european_rover_challenge/maintenence/devel/.private/erc_aruco_msg/lib/python3/dist-packages/erc_aruco_msg/__init__.py, /home/blank/european_rover_challenge/maintenence/devel/lib/python3/dist-packages/erc_aruco_msg/__init__.py)
Linked: (/home/blank/european_rover_challenge/maintenence/devel/.private/erc_aruco_msg/lib/python3/dist-packages/erc_aruco_msg/srv/_ErcAruco.py, /home/blank/european_rover_challenge/maintenence/devel/lib/python3/dist-packages/erc_aruco_msg/srv/_ErcAruco.py)
Linked: (/home/blank/european_rover_challenge/maintenence/devel/.private/erc_aruco_msg/lib/python3/dist-packages/erc_aruco_msg/srv/__init__.py, /home/blank/european_rover_challenge/maintenence/devel/lib/python3/dist-packages/erc_aruco_msg/srv/__init__.py)
Linked: (/home/blank/european_rover_challenge/maintenence/devel/.private/erc_aruco_msg/lib/pkgconfig/erc_aruco_msg.pc, /home/blank/european_rover_challenge/maintenence/devel/lib/pkgconfig/erc_aruco_msg.pc)
Linked: (/home/blank/european_rover_challenge/maintenence/devel/.private/erc_aruco_msg/include/erc_aruco_msg/ErcArucoResponse.h, /home/blank/european_rover_challenge/maintenence/devel/include/erc_aruco_msg/ErcArucoResponse.h)
Linked: (/home/blank/european_rover_challenge/maintenence/devel/.private/erc_aruco_msg/include/erc_aruco_msg/ErcArucoRequest.h, /home/blank/european_rover_challenge/maintenence/devel/include/erc_aruco_msg/ErcArucoRequest.h)
Linked: (/home/blank/european_rover_challenge/maintenence/devel/.private/erc_aruco_msg/include/erc_aruco_msg/ErcAruco.h, /home/blank/european_rover_challenge/maintenence/devel/include/erc_aruco_msg/ErcAruco.h)
Linked: (/home/blank/european_rover_challenge/maintenence/devel/.private/erc_aruco_msg/share/common-lisp/ros/erc_aruco_msg/srv/erc_aruco_msg-srv.asd, /home/blank/european_rover_challenge/maintenence/devel/share/common-lisp/ros/erc_aruco_msg/srv/erc_aruco_msg-srv.asd)
Linked: (/home/blank/european_rover_challenge/maintenence/devel/.private/erc_aruco_msg/share/common-lisp/ros/erc_aruco_msg/srv/_package_ErcAruco.lisp, /home/blank/european_rover_challenge/maintenence/devel/share/common-lisp/ros/erc_aruco_msg/srv/_package_ErcAruco.lisp)
Linked: (/home/blank/european_rover_challenge/maintenence/devel/.private/erc_aruco_msg/share/common-lisp/ros/erc_aruco_msg/srv/_package.lisp, /home/blank/european_rover_challenge/maintenence/devel/share/common-lisp/ros/erc_aruco_msg/srv/_package.lisp)
Linked: (/home/blank/european_rover_challenge/maintenence/devel/.private/erc_aruco_msg/share/common-lisp/ros/erc_aruco_msg/srv/ErcAruco.lisp, /home/blank/european_rover_challenge/maintenence/devel/share/common-lisp/ros/erc_aruco_msg/srv/ErcAruco.lisp)
Linked: (/home/blank/european_rover_challenge/maintenence/devel/.private/erc_aruco_msg/share/roseus/ros/erc_aruco_msg/manifest.l, /home/blank/european_rover_challenge/maintenence/devel/share/roseus/ros/erc_aruco_msg/manifest.l)
Linked: (/home/blank/european_rover_challenge/maintenence/devel/.private/erc_aruco_msg/share/roseus/ros/erc_aruco_msg/srv/ErcAruco.l, /home/blank/european_rover_challenge/maintenence/devel/share/roseus/ros/erc_aruco_msg/srv/ErcAruco.l)
Linked: (/home/blank/european_rover_challenge/maintenence/devel/.private/erc_aruco_msg/share/gennodejs/ros/erc_aruco_msg/_index.js, /home/blank/european_rover_challenge/maintenence/devel/share/gennodejs/ros/erc_aruco_msg/_index.js)
Linked: (/home/blank/european_rover_challenge/maintenence/devel/.private/erc_aruco_msg/share/gennodejs/ros/erc_aruco_msg/srv/ErcAruco.js, /home/blank/european_rover_challenge/maintenence/devel/share/gennodejs/ros/erc_aruco_msg/srv/ErcAruco.js)
Linked: (/home/blank/european_rover_challenge/maintenence/devel/.private/erc_aruco_msg/share/gennodejs/ros/erc_aruco_msg/srv/_index.js, /home/blank/european_rover_challenge/maintenence/devel/share/gennodejs/ros/erc_aruco_msg/srv/_index.js)
Linked: (/home/blank/european_rover_challenge/maintenence/devel/.private/erc_aruco_msg/share/erc_aruco_msg/cmake/erc_aruco_msgConfig.cmake, /home/blank/european_rover_challenge/maintenence/devel/share/erc_aruco_msg/cmake/erc_aruco_msgConfig.cmake)
Linked: (/home/blank/european_rover_challenge/maintenence/devel/.private/erc_aruco_msg/share/erc_aruco_msg/cmake/erc_aruco_msg-msg-paths.cmake, /home/blank/european_rover_challenge/maintenence/devel/share/erc_aruco_msg/cmake/erc_aruco_msg-msg-paths.cmake)
Linked: (/home/blank/european_rover_challenge/maintenence/devel/.private/erc_aruco_msg/share/erc_aruco_msg/cmake/erc_aruco_msg-msg-extras.cmake, /home/blank/european_rover_challenge/maintenence/devel/share/erc_aruco_msg/cmake/erc_aruco_msg-msg-extras.cmake)
Linked: (/home/blank/european_rover_challenge/maintenence/devel/.private/erc_aruco_msg/share/erc_aruco_msg/cmake/erc_aruco_msgConfig-version.cmake, /home/blank/european_rover_challenge/maintenence/devel/share/erc_aruco_msg/cmake/erc_aruco_msgConfig-version.cmake)
