Symlinking /home/blank/european_rover_challenge/maintenence/devel/lib/python3/dist-packages/erc_aruco_msg/__init__.py
Symlinking /home/blank/european_rover_challenge/maintenence/devel/lib/python3/dist-packages/erc_aruco_msg/srv/_ErcAruco.py
Symlinking /home/blank/european_rover_challenge/maintenence/devel/lib/python3/dist-packages/erc_aruco_msg/srv/__init__.py
Symlinking /home/blank/european_rover_challenge/maintenence/devel/lib/pkgconfig/erc_aruco_msg.pc
Symlinking /home/blank/european_rover_challenge/maintenence/devel/include/erc_aruco_msg/ErcArucoResponse.h
Symlinking /home/blank/european_rover_challenge/maintenence/devel/include/erc_aruco_msg/ErcArucoRequest.h
Symlinking /home/blank/european_rover_challenge/maintenence/devel/include/erc_aruco_msg/ErcAruco.h
Symlinking /home/blank/european_rover_challenge/maintenence/devel/share/common-lisp/ros/erc_aruco_msg/srv/erc_aruco_msg-srv.asd
Symlinking /home/blank/european_rover_challenge/maintenence/devel/share/common-lisp/ros/erc_aruco_msg/srv/_package_ErcAruco.lisp
Symlinking /home/blank/european_rover_challenge/maintenence/devel/share/common-lisp/ros/erc_aruco_msg/srv/_package.lisp
Symlinking /home/blank/european_rover_challenge/maintenence/devel/share/common-lisp/ros/erc_aruco_msg/srv/ErcAruco.lisp
Symlinking /home/blank/european_rover_challenge/maintenence/devel/share/roseus/ros/erc_aruco_msg/manifest.l
Symlinking /home/blank/european_rover_challenge/maintenence/devel/share/roseus/ros/erc_aruco_msg/srv/ErcAruco.l
Symlinking /home/blank/european_rover_challenge/maintenence/devel/share/gennodejs/ros/erc_aruco_msg/_index.js
Symlinking /home/blank/european_rover_challenge/maintenence/devel/share/gennodejs/ros/erc_aruco_msg/srv/ErcAruco.js
Symlinking /home/blank/european_rover_challenge/maintenence/devel/share/gennodejs/ros/erc_aruco_msg/srv/_index.js
Symlinking /home/blank/european_rover_challenge/maintenence/devel/share/erc_aruco_msg/cmake/erc_aruco_msgConfig.cmake
Symlinking /home/blank/european_rover_challenge/maintenence/devel/share/erc_aruco_msg/cmake/erc_aruco_msg-msg-paths.cmake
Symlinking /home/blank/european_rover_challenge/maintenence/devel/share/erc_aruco_msg/cmake/erc_aruco_msg-msg-extras.cmake
Symlinking /home/blank/european_rover_challenge/maintenence/devel/share/erc_aruco_msg/cmake/erc_aruco_msgConfig-version.cmake
