[35m[1mScanning dependencies of target std_msgs_generate_messages_lisp[0m
[35m[1mScanning dependencies of target _erc_aruco_msg_generate_messages_check_deps_ErcAruco[0m
[35m[1mScanning dependencies of target std_msgs_generate_messages_eus[0m
[35m[1mScanning dependencies of target std_msgs_generate_messages_cpp[0m
[35m[1mScanning dependencies of target std_msgs_generate_messages_nodejs[0m
[  0%] Built target std_msgs_generate_messages_cpp
[  0%] Built target std_msgs_generate_messages_lisp
[  0%] Built target std_msgs_generate_messages_eus
[  0%] Built target std_msgs_generate_messages_nodejs
[35m[1mScanning dependencies of target std_msgs_generate_messages_py[0m
[  0%] Built target std_msgs_generate_messages_py
[  0%] Built target _erc_aruco_msg_generate_messages_check_deps_ErcAruco
[35m[1mScanning dependencies of target erc_aruco_msg_generate_messages_eus[0m
[35m[1mScanning dependencies of target erc_aruco_msg_generate_messages_lisp[0m
[35m[1mScanning dependencies of target erc_aruco_msg_generate_messages_py[0m
[35m[1mScanning dependencies of target erc_aruco_msg_generate_messages_cpp[0m
[35m[1mScanning dependencies of target erc_aruco_msg_generate_messages_nodejs[0m
[ 57%] [34m[1mGenerating Lisp code from erc_aruco_msg/ErcAruco.srv[0m
[ 57%] [34m[1mGenerating C++ code from erc_aruco_msg/ErcAruco.srv[0m
[ 57%] [34m[1mGenerating Javascript code from erc_aruco_msg/ErcAruco.srv[0m
[ 57%] [34m[1mGenerating Python code from SRV erc_aruco_msg/ErcAruco[0m
[ 71%] [34m[1mGenerating EusLisp code from erc_aruco_msg/ErcAruco.srv[0m
[ 71%] Built target erc_aruco_msg_generate_messages_nodejs
[ 71%] Built target erc_aruco_msg_generate_messages_lisp
[ 85%] [34m[1mGenerating EusLisp manifest code for erc_aruco_msg[0m
[100%] [34m[1mGenerating Python srv __init__.py for erc_aruco_msg[0m
[100%] Built target erc_aruco_msg_generate_messages_cpp
[100%] Built target erc_aruco_msg_generate_messages_py
[100%] Built target erc_aruco_msg_generate_messages_eus
[35m[1mScanning dependencies of target erc_aruco_msg_generate_messages[0m
[100%] Built target erc_aruco_msg_generate_messages
